<?xml version="1.0" encoding="UTF-8"?>
<!-- Generated by org.testng.reporters.JUnitReportReporter -->
<testsuite hostname="VivekanandYG" name="Package.TestNG.SelectFlight" tests="1" failures="0" timestamp="24 Jun 2016 17:28:33 GMT" time="2.001" errors="0">
  <testcase name="Flight" time="2.001" classname="Package.TestNG.SelectFlight"/>
</testsuite> <!-- Package.TestNG.SelectFlight -->
