<?xml version="1.0" encoding="UTF-8"?>
<!-- Generated by org.testng.reporters.JUnitReportReporter -->
<testsuite hostname="VivekanandYG" name="Package.TestNG.LoginPage" tests="1" failures="0" timestamp="24 Jun 2016 17:28:33 GMT" time="11.386" errors="0">
  <testcase name="Login" time="11.386" classname="Package.TestNG.LoginPage"/>
</testsuite> <!-- Package.TestNG.LoginPage -->
