<?xml version="1.0" encoding="UTF-8"?>
<!-- Generated by org.testng.reporters.JUnitReportReporter -->
<testsuite hostname="VivekanandYG" name="Sequentialgrid.SequentialExecution" tests="2" failures="0" timestamp="15 May 2016 13:29:08 GMT" time="14.950" errors="0">
  <testcase name="logindata" time="9.279" classname="Sequentialgrid.SequentialExecution"/>
  <testcase name="logindata" time="5.671" classname="Sequentialgrid.SequentialExecution"/>
</testsuite> <!-- Sequentialgrid.SequentialExecution -->
