<?xml version="1.0" encoding="UTF-8"?>
<!-- Generated by org.testng.reporters.JUnitReportReporter -->
<testsuite hostname="VivekanandYG" name="DynamicWebTableExampleTwo" tests="1" failures="0" timestamp="2 Jun 2016 07:27:55 GMT" time="21.354" errors="0">
  <testcase name="program" time="21.354" classname="DynamicWebTableExampleTwo"/>
</testsuite> <!-- DynamicWebTableExampleTwo -->
