<?xml version="1.0" encoding="UTF-8"?>
<!-- Generated by org.testng.reporters.JUnitReportReporter -->
<testsuite hostname="VivekanandYG" name="Sequentialgrid.DataProviderExample" tests="2" failures="0" timestamp="24 May 2016 14:45:54 GMT" time="25.342" errors="0">
  <testcase name="LoginInfo" time="8.062" classname="Sequentialgrid.DataProviderExample"/>
  <testcase name="LoginInfo" time="17.280" classname="Sequentialgrid.DataProviderExample"/>
</testsuite> <!-- Sequentialgrid.DataProviderExample -->
