<?xml version="1.0" encoding="UTF-8"?>
<!-- Generated by org.testng.reporters.JUnitReportReporter -->
<testsuite hostname="VivekanandYG" name="Package.TestNG.FlightDetails" tests="1" failures="0" timestamp="24 Jun 2016 17:28:33 GMT" time="1.511" errors="0">
  <testcase name="flightinfo" time="1.511" classname="Package.TestNG.FlightDetails"/>
</testsuite> <!-- Package.TestNG.FlightDetails -->
